[!] Wed Jul 31 20:45:29 EDT 2024 - Pre-checking phase started on Wed Jul 31 20:45:29 EDT 2024
    Firmware binary path: /firmware
[*] Wed Jul 31 20:45:29 EDT 2024 - P02_firmware_bin_file_check starting
[*] Wed Jul 31 20:45:30 EDT 2024 - Quest container finished
[*] Wed Jul 31 20:45:36 EDT 2024 - P02_firmware_bin_file_check finished
[*] Wed Jul 31 20:45:36 EDT 2024 - P40_dji_extractor starting
[*] Wed Jul 31 20:45:36 EDT 2024 - P40_DJI_extractor finished
[*] Wed Jul 31 20:45:36 EDT 2024 - P55_unblob_extractor starting
[*] Wed Jul 31 20:45:54 EDT 2024 - P55_unblob_extractor finished
[*] Wed Jul 31 20:45:54 EDT 2024 - P60_deep_extractor starting
[*] Wed Jul 31 20:45:54 EDT 2024 - P60_deep_extractor finished
[*] Wed Jul 31 20:45:54 EDT 2024 - P61_binwalk_extractor starting
[*] Wed Jul 31 20:45:55 EDT 2024 - P61_binwalk_extractor finished
[*] Wed Jul 31 20:45:55 EDT 2024 - P65_package_extractor starting
[*] Wed Jul 31 20:45:59 EDT 2024 - P65_package_extractor finished
[*] Wed Jul 31 20:45:59 EDT 2024 - P99_prepare_analyzer starting
[*] Wed Jul 31 20:46:18 EDT 2024 - P99_prepare_analyzer finished
[!] Wed Jul 31 20:46:18 EDT 2024 - Pre-checking phase ended on Wed Jul 31 20:46:18 EDT 2024 and took about 0 days and 00:00:55 
[!] Wed Jul 31 20:46:18 EDT 2024 - Testing phase started on Wed Jul 31 20:46:18 EDT 2024
    Firmware path: /logs/firmware
[*] Wed Jul 31 20:46:19 EDT 2024 - S26_kernel_vuln_verifier starting
[*] Wed Jul 31 20:46:19 EDT 2024 - S24_kernel_bin_identifier starting
[*] Wed Jul 31 20:46:19 EDT 2024 - S12_binary_protection starting
[*] Wed Jul 31 20:46:19 EDT 2024 - S09_firmware_base_version_check starting
[*] Wed Jul 31 20:46:45 EDT 2024 - S24_kernel_bin_identifier finished
[*] Wed Jul 31 20:46:46 EDT 2024 - S02_uefi_fwhunt starting
[*] Wed Jul 31 20:46:47 EDT 2024 - S26_kernel_vuln_verifier finished
[*] Wed Jul 31 20:46:48 EDT 2024 - S02_UEFI_FwHunt finished
[*] Wed Jul 31 20:46:48 EDT 2024 - S03_firmware_bin_base_analyzer starting
[*] Wed Jul 31 20:46:48 EDT 2024 - S05_firmware_details starting
[*] Wed Jul 31 20:46:57 EDT 2024 - S05_firmware_details finished
[*] Wed Jul 31 20:46:59 EDT 2024 - S06_distribution_identification starting
[*] Wed Jul 31 20:47:08 EDT 2024 - S06_distribution_identification finished
[*] Wed Jul 31 20:47:09 EDT 2024 - S07_bootloader_check starting
[*] Wed Jul 31 20:47:18 EDT 2024 - S03_firmware_bin_base_analyzer finished
[*] Wed Jul 31 20:47:18 EDT 2024 - S08_package_mgmt_extractor starting
[*] Wed Jul 31 20:47:21 EDT 2024 - S08_package_mgmt_extractor finished
[*] Wed Jul 31 20:47:22 EDT 2024 - S10_binaries_basic_check starting
[*] Wed Jul 31 20:47:22 EDT 2024 - S07_bootloader_check finished
[*] Wed Jul 31 20:47:24 EDT 2024 - S13_weak_func_check starting
[*] Wed Jul 31 20:48:45 EDT 2024 - S10_binaries_basic_check finished
[*] Wed Jul 31 20:48:46 EDT 2024 - S14_weak_func_radare_check starting
[*] Wed Jul 31 20:51:05 EDT 2024 - S12_binary_protection finished
[*] Wed Jul 31 20:51:05 EDT 2024 - S15_radare_decompile_checks starting
[*] Wed Jul 31 20:53:42 EDT 2024 - S13_weak_func_check finished
[*] Wed Jul 31 20:53:43 EDT 2024 - S16_ghidra_decompile_checks starting
[*] Wed Jul 31 20:53:46 EDT 2024 - S16_ghidra_decompile_checks finished
[*] Wed Jul 31 20:53:48 EDT 2024 - S18_capa_checker starting
[*] Wed Jul 31 20:53:51 EDT 2024 - S18_capa_checker finished
[*] Wed Jul 31 20:53:53 EDT 2024 - S19_apk_check starting
[*] Wed Jul 31 20:53:56 EDT 2024 - S19_apk_check finished
[*] Wed Jul 31 20:53:58 EDT 2024 - S20_shell_check starting
[*] Wed Jul 31 20:55:00 EDT 2024 - S20_shell_check finished
[*] Wed Jul 31 20:55:02 EDT 2024 - S21_python_check starting
[*] Wed Jul 31 20:55:06 EDT 2024 - S21_python_check finished
[*] Wed Jul 31 20:55:07 EDT 2024 - S22_php_check starting
[*] Wed Jul 31 20:55:44 EDT 2024 - S22_php_check finished
[*] Wed Jul 31 20:55:46 EDT 2024 - S23_lua_check starting
[*] Wed Jul 31 20:56:07 EDT 2024 - S23_lua_check finished
[*] Wed Jul 31 20:56:08 EDT 2024 - S25_kernel_check starting
[*] Wed Jul 31 20:58:15 EDT 2024 - S25_kernel_check finished
[*] Wed Jul 31 20:58:16 EDT 2024 - S27_perl_check starting
[*] Wed Jul 31 20:58:20 EDT 2024 - S27_perl_check finished
[*] Wed Jul 31 20:58:22 EDT 2024 - S35_http_file_check starting
[*] Wed Jul 31 21:01:37 EDT 2024 - S35_http_file_check finished
[*] Wed Jul 31 21:01:39 EDT 2024 - S36_lighttpd starting
[*] Wed Jul 31 21:01:45 EDT 2024 - S36_lighttpd finished
[*] Wed Jul 31 21:01:47 EDT 2024 - S40_weak_perm_check starting
[*] Wed Jul 31 21:01:57 EDT 2024 - S40_weak_perm_check finished
[*] Wed Jul 31 21:01:59 EDT 2024 - S45_pass_file_check starting
[*] Wed Jul 31 21:02:05 EDT 2024 - S45_pass_file_check finished
[*] Wed Jul 31 21:02:07 EDT 2024 - S50_authentication_check starting
[*] Wed Jul 31 21:02:32 EDT 2024 - S50_authentication_check finished
[*] Wed Jul 31 21:02:33 EDT 2024 - S55_history_file_check starting
[*] Wed Jul 31 21:02:38 EDT 2024 - S55_history_file_check finished
[*] Wed Jul 31 21:02:40 EDT 2024 - S60_cert_file_check starting
[*] Wed Jul 31 21:02:43 EDT 2024 - S60_cert_file_check finished
[*] Wed Jul 31 21:02:44 EDT 2024 - S65_config_file_check starting
[*] Wed Jul 31 21:02:56 EDT 2024 - S65_config_file_check finished
[*] Wed Jul 31 21:02:57 EDT 2024 - S75_network_check starting
[*] Wed Jul 31 21:03:04 EDT 2024 - S75_network_check finished
[*] Wed Jul 31 21:03:06 EDT 2024 - S80_cronjob_check starting
[*] Wed Jul 31 21:03:09 EDT 2024 - S80_cronjob_check finished
[*] Wed Jul 31 21:03:11 EDT 2024 - S85_ssh_check starting
[*] Wed Jul 31 21:03:19 EDT 2024 - S85_ssh_check finished
[*] Wed Jul 31 21:03:20 EDT 2024 - S90_mail_check starting
[*] Wed Jul 31 21:03:22 EDT 2024 - S90_mail_check finished
[*] Wed Jul 31 21:03:24 EDT 2024 - S95_interesting_files_check starting
[*] Wed Jul 31 21:03:31 EDT 2024 - S95_interesting_files_check finished
[*] Wed Jul 31 21:03:33 EDT 2024 - S99_grepit starting
[*] Wed Jul 31 21:21:03 EDT 2024 - S14_weak_func_radare_check finished
[*] Wed Jul 31 21:21:05 EDT 2024 - S100_command_inj_check starting
[*] Wed Jul 31 21:21:08 EDT 2024 - S100_command_inj_check finished
[*] Wed Jul 31 21:21:10 EDT 2024 - S106_deep_key_search starting
[*] Wed Jul 31 21:21:16 EDT 2024 - S106_deep_key_search finished
[*] Wed Jul 31 21:21:17 EDT 2024 - S107_deep_password_search starting
[*] Wed Jul 31 21:21:49 EDT 2024 - S107_deep_password_search finished
[*] Wed Jul 31 21:21:50 EDT 2024 - S108_stacs_password_search starting
[*] Wed Jul 31 21:22:17 EDT 2024 - S108_stacs_password_search finished
[*] Wed Jul 31 21:22:18 EDT 2024 - S109_jtr_local_pw_cracking starting
[*] Wed Jul 31 21:41:58 EDT 2024 - S09_firmware_base_version_check finished
[*] Wed Jul 31 21:41:59 EDT 2024 - S110_yara_check starting
[*] Wed Jul 31 21:42:01 EDT 2024 - S110_yara_check finished
[*] Wed Jul 31 21:42:03 EDT 2024 - S115_usermode_emulator starting
[*] Wed Jul 31 21:42:05 EDT 2024 - S115_usermode_emulator finished
[*] Wed Jul 31 21:42:06 EDT 2024 - S116_qemu_version_detection starting
[*] Wed Jul 31 21:42:08 EDT 2024 - S116_qemu_version_detection finished
[*] Wed Jul 31 21:42:09 EDT 2024 - S118_busybox_verifier starting
[*] Wed Jul 31 22:19:22 EDT 2024 - S118_busybox_verifier finished
[*] Wed Jul 31 22:33:20 EDT 2024 - S99_grepit finished
[*] Wed Jul 31 22:53:14 EDT 2024 - S15_radare_decompile_checks finished
[*] Wed Jul 31 22:59:28 EDT 2024 - S109_jtr_local_pw_cracking finished
[!] Wed Jul 31 22:59:29 EDT 2024 - Testing phase ended on Wed Jul 31 22:59:29 EDT 2024 and took about 0 days and 02:14:06 
[!] Wed Jul 31 22:59:29 EDT 2024 - Reporting phase started on Wed Jul 31 22:59:29 EDT 2024
[*] Wed Jul 31 22:59:29 EDT 2024 - F02_toolchain starting
[*] Wed Jul 31 22:59:31 EDT 2024 - F02_toolchain finished
[*] Wed Jul 31 22:59:31 EDT 2024 - F05_qs_resolver starting
[*] Wed Jul 31 22:59:31 EDT 2024 - F05_qs_resolver finished
[*] Wed Jul 31 22:59:31 EDT 2024 - F10_license_summary starting
[*] Wed Jul 31 22:59:32 EDT 2024 - F10_license_summary finished
[*] Wed Jul 31 22:59:32 EDT 2024 - F20_vul_aggregator starting
[*] Wed Jul 31 23:27:24 EDT 2024 - F20_vul_aggregator finished
[*] Wed Jul 31 23:27:24 EDT 2024 - F21_cyclonedx_sbom starting
[*] Wed Jul 31 23:27:26 EDT 2024 - F21_cyclonedx_sbom finished
[*] Wed Jul 31 23:27:26 EDT 2024 - F50_base_aggregator starting
[*] Wed Jul 31 23:27:32 EDT 2024 - F50_base_aggregator finished
[!] Wed Jul 31 23:27:32 EDT 2024 - Test ended on Wed Jul 31 23:27:32 EDT 2024 and took about 0 days and 02:42:09 
[!] Wed Jul 31 23:27:35 EDT 2024 - Test ended on Wed Jul 31 23:27:35 EDT 2024 and took about 0 days and 02:42:19 
